0 info it worked if it ends with ok
1 verbose cli [ 'C:\\Program Files\\nodejs\\node.exe',
1 verbose cli   'C:\\Program Files\\nodejs\\node_modules\\npm\\bin\\npm-cli.js',
1 verbose cli   'run',
1 verbose cli   'dev' ]
2 info using npm@3.10.9
3 info using node@v6.9.2
4 verbose run-script [ 'predev', 'dev', 'postdev' ]
5 info lifecycle wpom@1.0.0~predev: wpom@1.0.0
6 silly lifecycle wpom@1.0.0~predev: no script for predev, continuing
7 info lifecycle wpom@1.0.0~dev: wpom@1.0.0
8 verbose lifecycle wpom@1.0.0~dev: unsafe-perm in lifecycle true
9 verbose lifecycle wpom@1.0.0~dev: PATH: C:\Program Files\nodejs\node_modules\npm\bin\node-gyp-bin;D:\study\niu.wp.mpa\node_modules\.bin;C:\Perl64\bin;C:\Perl64\bin;C:\Program Files (x86)\NVIDIA Corporation\PhysX\Common;C:\Program Files (x86)\Intel\iCLS Client\;C:\Program Files\Intel\iCLS Client\;C:\Windows\system32;C:\Windows;C:\Windows\System32\Wbem;C:\Windows\System32\WindowsPowerShell\v1.0\;C:\Program Files\Intel\Intel(R) Management Engine Components\DAL;C:\Program Files\Intel\Intel(R) Management Engine Components\IPT;C:\Program Files (x86)\Intel\Intel(R) Management Engine Components\DAL;C:\Program Files (x86)\Intel\Intel(R) Management Engine Components\IPT;C:\Program Files (x86)\Microsoft SQL Server\100\Tools\Binn\;C:\Program Files\Microsoft SQL Server\100\Tools\Binn\;C:\Program Files\Microsoft SQL Server\100\DTS\Binn\;C:\Program Files (x86)\Microsoft Visual Studio 10.0\VC\bin;C:\Windows\System32;C:\Program Files\nodejs\;C:\Program Files (x86)\Windows Kits\10\Windows Performance Toolkit\;C:\Program Files\Microsoft SQL Server\130\Tools\Binn\;C:\Program Files\dotnet\;C:\Program Files\Git\cmd;C:\Users\admin\AppData\Roaming\npm
10 verbose lifecycle wpom@1.0.0~dev: CWD: D:\study\niu.wp.mpa
11 silly lifecycle wpom@1.0.0~dev: Args: [ '/d /s /c', 'webpack-dev-server --env development' ]
12 silly lifecycle wpom@1.0.0~dev: Returned: code: 3221225786  signal: null
13 info lifecycle wpom@1.0.0~dev: Failed to exec dev script
14 verbose stack Error: wpom@1.0.0 dev: `webpack-dev-server --env development`
14 verbose stack Exit status 3221225786
14 verbose stack     at EventEmitter.<anonymous> (C:\Program Files\nodejs\node_modules\npm\lib\utils\lifecycle.js:255:16)
14 verbose stack     at emitTwo (events.js:106:13)
14 verbose stack     at EventEmitter.emit (events.js:191:7)
14 verbose stack     at ChildProcess.<anonymous> (C:\Program Files\nodejs\node_modules\npm\lib\utils\spawn.js:40:14)
14 verbose stack     at emitTwo (events.js:106:13)
14 verbose stack     at ChildProcess.emit (events.js:191:7)
14 verbose stack     at maybeClose (internal/child_process.js:877:16)
14 verbose stack     at Process.ChildProcess._handle.onexit (internal/child_process.js:226:5)
15 verbose pkgid wpom@1.0.0
16 verbose cwd D:\study\niu.wp.mpa
17 error Windows_NT 6.1.7601
18 error argv "C:\\Program Files\\nodejs\\node.exe" "C:\\Program Files\\nodejs\\node_modules\\npm\\bin\\npm-cli.js" "run" "dev"
19 error node v6.9.2
20 error npm  v3.10.9
21 error code ELIFECYCLE
22 error wpom@1.0.0 dev: `webpack-dev-server --env development`
22 error Exit status 3221225786
23 error Failed at the wpom@1.0.0 dev script 'webpack-dev-server --env development'.
23 error Make sure you have the latest version of node.js and npm installed.
23 error If you do, this is most likely a problem with the wpom package,
23 error not with npm itself.
23 error Tell the author that this fails on your system:
23 error     webpack-dev-server --env development
23 error You can get information on how to open an issue for this project with:
23 error     npm bugs wpom
23 error Or if that isn't available, you can get their info via:
23 error     npm owner ls wpom
23 error There is likely additional logging output above.
24 verbose exit [ 1, true ]
